
> @example/starlight-tailwind@0.0.1 build
> astro build

09:09:44 [types] Added src/env.d.ts type declarations.
09:09:45 [types] Added src/env.d.ts type declarations.
09:09:45 [build] output: "hybrid"
09:09:45 [build] directory: /Users/stefano/_GITHUB/fuzzy-giggle/dist/
09:09:45 [build] adapter: @astrojs/node
09:09:45 [build] Collecting build info...
09:09:45 [build] ✓ Completed in 291ms.
09:09:45 [build] Building hybrid entrypoints...
09:09:45 [types] Added src/env.d.ts type declarations.
09:09:46 [vite] ✓ built in 1.01s
09:09:46 [build] ✓ Completed in 1.03s.

 building client (vite) 
09:09:46 [types] Added src/env.d.ts type declarations.
09:09:46 [vite] transforming...
09:09:46 [vite] ✓ 12 modules transformed.
09:09:46 [vite] rendering chunks...
09:09:46 [vite] computing gzip size...
09:09:46 [vite] dist/client/_astro/ec.3zb7u.js                                             2.31 kB
09:09:46 [vite] dist/client/_astro/ec.d6kn2.css                                           18.16 kB │ gzip: 3.84 kB
09:09:46 [vite] dist/client/_astro/Tabs.astro_astro_type_script_index_0_lang.CCIyraCc.js   1.45 kB │ gzip: 0.71 kB
09:09:46 [vite] dist/client/_astro/page.LS5KDvwX.js                                        2.14 kB │ gzip: 0.95 kB
09:09:46 [vite] ✓ built in 21ms

 prerendering static routes 
09:09:46 ▶ src/pages/schema/[...slug].astro
09:09:46   ├─ /schema/1/index.html (+14ms)
09:09:46   ├─ /schema/2/index.html (+3ms)
09:09:46   └─ /schema/3/index.html (+3ms)
09:09:46 ✓ Completed in 36ms.

09:09:46 
 finalizing server assets 

09:09:46 [build] Rearranging server assets...

Running Pagefind v1.1.0 (Extended)
Running from: "/Users/stefano/_GITHUB/fuzzy-giggle/node_modules/@astrojs/starlight"
Source:       "../../../dist/client"
Output:       "../../../dist/client/pagefind"

[Walking source directory]
Found 3 files matching **/*.{html}

[Parsing files]
Found a data-pagefind-body element on the site.
↳ Ignoring pages without this tag.

[Reading languages]
Discovered 1 language: en

[Building search indexes]
Total: 
  Indexed 1 language
  Indexed 3 pages
  Indexed 3 words
  Indexed 0 filters
  Indexed 0 sorts

Finished in 0.005 seconds
09:09:46 [WARN] [@astrojs/sitemap] The Sitemap integration requires the `site` astro.config option. Skipping.
09:09:46 [build] Server built in 1.66s
09:09:46 [build] Complete!
